This file contains any messages produced by compilers while
running configure, to aid debugging if configure makes a mistake.

It was created by hbox configure 0.1, which was
generated by GNU Autoconf 2.65.  Invocation command line was

  $ ./configure 

## --------- ##
## Platform. ##
## --------- ##

hostname = vbtdung-Pro945-C8
uname -m = i686
uname -r = 3.0.0-24-generic
uname -s = Linux
uname -v = #40-Ubuntu SMP Tue Jul 24 15:36:59 UTC 2012

/usr/bin/uname -p = unknown
/bin/uname -X     = unknown

/bin/arch              = unknown
/usr/bin/arch -k       = unknown
/usr/convex/getsysinfo = unknown
/usr/bin/hostinfo      = unknown
/bin/machine           = unknown
/usr/bin/oslevel       = unknown
/bin/universe          = unknown

PATH: /usr/lib/lightdm/lightdm
PATH: /usr/local/sbin
PATH: /usr/local/bin
PATH: /usr/sbin
PATH: /usr/bin
PATH: /sbin
PATH: /bin
PATH: /usr/games


## ----------- ##
## Core tests. ##
## ----------- ##

configure:1942: checking for a BSD-compatible install
configure:2010: result: /usr/bin/install -c
configure:2021: checking whether build environment is sane
configure:2071: result: yes
configure:2212: checking for a thread-safe mkdir -p
configure:2251: result: /bin/mkdir -p
configure:2264: checking for gawk
configure:2280: found /usr/bin/gawk
configure:2291: result: gawk
configure:2302: checking whether make sets $(MAKE)
configure:2324: result: yes
configure:2457: checking for gcc
configure:2473: found /usr/bin/gcc
configure:2484: result: gcc
configure:2713: checking for C compiler version
configure:2722: gcc --version >&5
gcc (Ubuntu/Linaro 4.6.1-9ubuntu3) 4.6.1
Copyright (C) 2011 Free Software Foundation, Inc.
This is free software; see the source for copying conditions.  There is NO
warranty; not even for MERCHANTABILITY or FITNESS FOR A PARTICULAR PURPOSE.

configure:2733: $? = 0
configure:2722: gcc -v >&5
Using built-in specs.
COLLECT_GCC=gcc
COLLECT_LTO_WRAPPER=/usr/lib/gcc/i686-linux-gnu/4.6.1/lto-wrapper
Target: i686-linux-gnu
Configured with: ../src/configure -v --with-pkgversion='Ubuntu/Linaro 4.6.1-9ubuntu3' --with-bugurl=file:///usr/share/doc/gcc-4.6/README.Bugs --enable-languages=c,c++,fortran,objc,obj-c++,go --prefix=/usr --program-suffix=-4.6 --enable-shared --enable-linker-build-id --with-system-zlib --libexecdir=/usr/lib --without-included-gettext --enable-threads=posix --with-gxx-include-dir=/usr/include/c++/4.6 --libdir=/usr/lib --enable-nls --with-sysroot=/ --enable-clocale=gnu --enable-libstdcxx-debug --enable-libstdcxx-time=yes --enable-plugin --enable-objc-gc --enable-targets=all --disable-werror --with-arch-32=i686 --with-tune=generic --enable-checking=release --build=i686-linux-gnu --host=i686-linux-gnu --target=i686-linux-gnu
Thread model: posix
gcc version 4.6.1 (Ubuntu/Linaro 4.6.1-9ubuntu3) 
configure:2733: $? = 0
configure:2722: gcc -V >&5
gcc: error: unrecognized option '-V'
gcc: fatal error: no input files
compilation terminated.
configure:2733: $? = 4
configure:2722: gcc -qversion >&5
gcc: error: unrecognized option '-qversion'
gcc: fatal error: no input files
compilation terminated.
configure:2733: $? = 4
configure:2753: checking whether the C compiler works
configure:2775: gcc    conftest.c  >&5
configure:2779: $? = 0
configure:2828: result: yes
configure:2831: checking for C compiler default output file name
configure:2833: result: a.out
configure:2839: checking for suffix of executables
configure:2846: gcc -o conftest    conftest.c  >&5
configure:2850: $? = 0
configure:2872: result: 
configure:2894: checking whether we are cross compiling
configure:2902: gcc -o conftest    conftest.c  >&5
configure:2906: $? = 0
configure:2913: ./conftest
configure:2917: $? = 0
configure:2932: result: no
configure:2937: checking for suffix of object files
configure:2959: gcc -c   conftest.c >&5
configure:2963: $? = 0
configure:2984: result: o
configure:2988: checking whether we are using the GNU C compiler
configure:3007: gcc -c   conftest.c >&5
configure:3007: $? = 0
configure:3016: result: yes
configure:3025: checking whether gcc accepts -g
configure:3045: gcc -c -g  conftest.c >&5
configure:3045: $? = 0
configure:3086: result: yes
configure:3103: checking for gcc option to accept ISO C89
configure:3167: gcc  -c -g -O2  conftest.c >&5
configure:3167: $? = 0
configure:3180: result: none needed
configure:3211: checking for style of include used by make
configure:3239: result: GNU
configure:3264: checking dependency style of gcc
configure:3374: result: gcc3
configure:3447: checking for g++
configure:3463: found /usr/bin/g++
configure:3474: result: g++
configure:3501: checking for C++ compiler version
configure:3510: g++ --version >&5
g++ (Ubuntu/Linaro 4.6.1-9ubuntu3) 4.6.1
Copyright (C) 2011 Free Software Foundation, Inc.
This is free software; see the source for copying conditions.  There is NO
warranty; not even for MERCHANTABILITY or FITNESS FOR A PARTICULAR PURPOSE.

configure:3521: $? = 0
configure:3510: g++ -v >&5
Using built-in specs.
COLLECT_GCC=g++
COLLECT_LTO_WRAPPER=/usr/lib/gcc/i686-linux-gnu/4.6.1/lto-wrapper
Target: i686-linux-gnu
Configured with: ../src/configure -v --with-pkgversion='Ubuntu/Linaro 4.6.1-9ubuntu3' --with-bugurl=file:///usr/share/doc/gcc-4.6/README.Bugs --enable-languages=c,c++,fortran,objc,obj-c++,go --prefix=/usr --program-suffix=-4.6 --enable-shared --enable-linker-build-id --with-system-zlib --libexecdir=/usr/lib --without-included-gettext --enable-threads=posix --with-gxx-include-dir=/usr/include/c++/4.6 --libdir=/usr/lib --enable-nls --with-sysroot=/ --enable-clocale=gnu --enable-libstdcxx-debug --enable-libstdcxx-time=yes --enable-plugin --enable-objc-gc --enable-targets=all --disable-werror --with-arch-32=i686 --with-tune=generic --enable-checking=release --build=i686-linux-gnu --host=i686-linux-gnu --target=i686-linux-gnu
Thread model: posix
gcc version 4.6.1 (Ubuntu/Linaro 4.6.1-9ubuntu3) 
configure:3521: $? = 0
configure:3510: g++ -V >&5
g++: error: unrecognized option '-V'
g++: fatal error: no input files
compilation terminated.
configure:3521: $? = 4
configure:3510: g++ -qversion >&5
g++: error: unrecognized option '-qversion'
g++: fatal error: no input files
compilation terminated.
configure:3521: $? = 4
configure:3525: checking whether we are using the GNU C++ compiler
configure:3544: g++ -c   conftest.cpp >&5
configure:3544: $? = 0
configure:3553: result: yes
configure:3562: checking whether g++ accepts -g
configure:3582: g++ -c -g  conftest.cpp >&5
configure:3582: $? = 0
configure:3623: result: yes
configure:3648: checking dependency style of g++
configure:3758: result: gcc3
configure:3828: checking for boostlib >= 1.38
configure:3888: g++ -c -g -O2  -I/usr/include conftest.cpp >&5
configure:3888: $? = 0
configure:3890: result: yes
configure:4066: checking whether the Boost::Filesystem library is available
configure:4090: g++ -c -g -O2  -I/usr/include conftest.cpp >&5
configure:4090: $? = 0
configure:4104: result: yes
configure:4115: checking for exit in -lboost_filesystem-mt
configure:4140: g++ -o conftest -g -O2  -I/usr/include  -L/usr/lib conftest.cpp -lboost_filesystem-mt    >&5
configure:4140: $? = 0
configure:4150: result: yes
configure:4274: checking build system type
configure:4288: result: i686-pc-linux-gnu
configure:4340: checking whether the Boost::Thread library is available
configure:4372: g++ -c -pthread -g -O2  -I/usr/include conftest.cpp >&5
configure:4372: $? = 0
configure:4387: result: yes
configure:4416: checking for exit in -lboost_thread-mt
configure:4441: g++ -o conftest -g -O2  -I/usr/include  -L/usr/lib conftest.cpp -lboost_thread-mt   >&5
configure:4441: $? = 0
configure:4451: result: yes
configure:4635: checking for pkg-config
configure:4653: found /usr/bin/pkg-config
configure:4665: result: /usr/bin/pkg-config
configure:4690: checking pkg-config is at least version 0.9.0
configure:4693: result: yes
configure:4704: checking for log4cpp
configure:4712: $PKG_CONFIG --exists --print-errors "log4cpp"
configure:4715: $? = 0
configure:4730: $PKG_CONFIG --exists --print-errors "log4cpp"
configure:4733: $? = 0
configure:4788: result: yes
configure:4794: checking for gloox
configure:4802: $PKG_CONFIG --exists --print-errors "gloox"
configure:4805: $? = 0
configure:4820: $PKG_CONFIG --exists --print-errors "gloox"
configure:4823: $? = 0
configure:4878: result: yes
configure:4884: checking for openssl
configure:4892: $PKG_CONFIG --exists --print-errors "openssl"
configure:4895: $? = 0
configure:4910: $PKG_CONFIG --exists --print-errors "openssl"
configure:4913: $? = 0
configure:4968: result: yes
configure:5095: creating ./config.status

## ---------------------- ##
## Running config.status. ##
## ---------------------- ##

This file was extended by hbox config.status 0.1, which was
generated by GNU Autoconf 2.65.  Invocation command line was

  CONFIG_FILES    = 
  CONFIG_HEADERS  = 
  CONFIG_LINKS    = 
  CONFIG_COMMANDS = 
  $ ./config.status 

on vbtdung-Pro945-C8

config.status:861: creating Makefile
config.status:861: creating include/config.h
config.status:1033: include/config.h is unchanged
config.status:1081: executing depfiles commands

## ---------------- ##
## Cache variables. ##
## ---------------- ##

ac_cv_build=i686-pc-linux-gnu
ac_cv_c_compiler_gnu=yes
ac_cv_cxx_compiler_gnu=yes
ac_cv_env_CCC_set=
ac_cv_env_CCC_value=
ac_cv_env_CC_set=
ac_cv_env_CC_value=
ac_cv_env_CFLAGS_set=
ac_cv_env_CFLAGS_value=
ac_cv_env_CPPFLAGS_set=
ac_cv_env_CPPFLAGS_value=
ac_cv_env_CXXFLAGS_set=
ac_cv_env_CXXFLAGS_value=
ac_cv_env_CXX_set=
ac_cv_env_CXX_value=
ac_cv_env_LDFLAGS_set=
ac_cv_env_LDFLAGS_value=
ac_cv_env_LIBS_set=
ac_cv_env_LIBS_value=
ac_cv_env_PKG_CONFIG_set=
ac_cv_env_PKG_CONFIG_value=
ac_cv_env_build_alias_set=
ac_cv_env_build_alias_value=
ac_cv_env_gloox_CFLAGS_set=
ac_cv_env_gloox_CFLAGS_value=
ac_cv_env_gloox_LIBS_set=
ac_cv_env_gloox_LIBS_value=
ac_cv_env_host_alias_set=
ac_cv_env_host_alias_value=
ac_cv_env_log4cpp_CFLAGS_set=
ac_cv_env_log4cpp_CFLAGS_value=
ac_cv_env_log4cpp_LIBS_set=
ac_cv_env_log4cpp_LIBS_value=
ac_cv_env_openssl_CFLAGS_set=
ac_cv_env_openssl_CFLAGS_value=
ac_cv_env_openssl_LIBS_set=
ac_cv_env_openssl_LIBS_value=
ac_cv_env_target_alias_set=
ac_cv_env_target_alias_value=
ac_cv_lib_boost_filesystem_mt___exit=yes
ac_cv_lib_boost_thread_mt___exit=yes
ac_cv_objext=o
ac_cv_path_ac_pt_PKG_CONFIG=/usr/bin/pkg-config
ac_cv_path_install='/usr/bin/install -c'
ac_cv_path_mkdir=/bin/mkdir
ac_cv_prog_AWK=gawk
ac_cv_prog_ac_ct_CC=gcc
ac_cv_prog_ac_ct_CXX=g++
ac_cv_prog_cc_c89=
ac_cv_prog_cc_g=yes
ac_cv_prog_cxx_g=yes
ac_cv_prog_make_make_set=yes
am_cv_CC_dependencies_compiler_type=gcc3
am_cv_CXX_dependencies_compiler_type=gcc3
ax_cv_boost_filesystem=yes
ax_cv_boost_thread=yes
pkg_cv_gloox_CFLAGS='-pthread -I/usr/local/include  '
pkg_cv_gloox_LIBS='-L/usr/local/lib -lgloox -lresolv -lssl -lcrypto -lz  '
pkg_cv_log4cpp_CFLAGS='-pthread -O2 -DNDEBUG -I/usr/local/include  '
pkg_cv_log4cpp_LIBS='-L/usr/local/lib -llog4cpp -lnsl  '
pkg_cv_openssl_CFLAGS=' '
pkg_cv_openssl_LIBS='-lssl -lcrypto  '

## ----------------- ##
## Output variables. ##
## ----------------- ##

ACLOCAL='${SHELL} /home/vbtdung/Desktop/unstable/missing --run aclocal-1.11'
AMDEPBACKSLASH='\'
AMDEP_FALSE='#'
AMDEP_TRUE=''
AMTAR='${SHELL} /home/vbtdung/Desktop/unstable/missing --run tar'
AUTOCONF='${SHELL} /home/vbtdung/Desktop/unstable/missing --run autoconf'
AUTOHEADER='${SHELL} /home/vbtdung/Desktop/unstable/missing --run autoheader'
AUTOMAKE='${SHELL} /home/vbtdung/Desktop/unstable/missing --run automake-1.11'
AWK='gawk'
BOOST_CPPFLAGS='-pthread -I/usr/include'
BOOST_FILESYSTEM_LIB='-lboost_filesystem-mt'
BOOST_LDFLAGS='-L/usr/lib'
BOOST_THREAD_LIB='-lboost_thread-mt'
CC='gcc'
CCDEPMODE='depmode=gcc3'
CFLAGS='-g -O2'
CPPFLAGS=''
CXX='g++'
CXXDEPMODE='depmode=gcc3'
CXXFLAGS='-g -O2'
CYGPATH_W='echo'
DEFS='-DHAVE_CONFIG_H'
DEPDIR='.deps'
ECHO_C=''
ECHO_N='-n'
ECHO_T=''
EXEEXT=''
INSTALL_DATA='${INSTALL} -m 644'
INSTALL_PROGRAM='${INSTALL}'
INSTALL_SCRIPT='${INSTALL}'
INSTALL_STRIP_PROGRAM='$(install_sh) -c -s'
LDFLAGS=''
LIBOBJS=''
LIBS=''
LTLIBOBJS=''
MAKEINFO='${SHELL} /home/vbtdung/Desktop/unstable/missing --run makeinfo'
MKDIR_P='/bin/mkdir -p'
OBJEXT='o'
PACKAGE='hbox'
PACKAGE_BUGREPORT=''
PACKAGE_NAME='hbox'
PACKAGE_STRING='hbox 0.1'
PACKAGE_TARNAME='hbox'
PACKAGE_URL=''
PACKAGE_VERSION='0.1'
PATH_SEPARATOR=':'
PKG_CONFIG='/usr/bin/pkg-config'
SET_MAKE=''
SHELL='/bin/bash'
STRIP=''
VERSION='0.1'
ac_ct_CC='gcc'
ac_ct_CXX='g++'
am__EXEEXT_FALSE=''
am__EXEEXT_TRUE='#'
am__fastdepCC_FALSE='#'
am__fastdepCC_TRUE=''
am__fastdepCXX_FALSE='#'
am__fastdepCXX_TRUE=''
am__include='include'
am__isrc=''
am__leading_dot='.'
am__quote=''
am__tar='${AMTAR} chof - "$$tardir"'
am__untar='${AMTAR} xf -'
bindir='${exec_prefix}/bin'
build='i686-pc-linux-gnu'
build_alias=''
build_cpu='i686'
build_os='linux-gnu'
build_vendor='pc'
datadir='${datarootdir}'
datarootdir='${prefix}/share'
docdir='${datarootdir}/doc/${PACKAGE_TARNAME}'
dvidir='${docdir}'
exec_prefix='${prefix}'
gloox_CFLAGS='-pthread -I/usr/local/include  '
gloox_LIBS='-L/usr/local/lib -lgloox -lresolv -lssl -lcrypto -lz  '
host_alias=''
htmldir='${docdir}'
includedir='${prefix}/include'
infodir='${datarootdir}/info'
install_sh='${SHELL} /home/vbtdung/Desktop/unstable/install-sh'
libdir='${exec_prefix}/lib'
libexecdir='${exec_prefix}/libexec'
localedir='${datarootdir}/locale'
localstatedir='${prefix}/var'
log4cpp_CFLAGS='-pthread -O2 -DNDEBUG -I/usr/local/include  '
log4cpp_LIBS='-L/usr/local/lib -llog4cpp -lnsl  '
mandir='${datarootdir}/man'
mkdir_p='/bin/mkdir -p'
oldincludedir='/usr/include'
openssl_CFLAGS=' '
openssl_LIBS='-lssl -lcrypto  '
pdfdir='${docdir}'
prefix='/usr/local'
program_transform_name='s,x,x,'
psdir='${docdir}'
sbindir='${exec_prefix}/sbin'
sharedstatedir='${prefix}/com'
sysconfdir='${prefix}/etc'
target_alias=''

## ----------- ##
## confdefs.h. ##
## ----------- ##

/* confdefs.h */
#define PACKAGE_NAME "hbox"
#define PACKAGE_TARNAME "hbox"
#define PACKAGE_VERSION "0.1"
#define PACKAGE_STRING "hbox 0.1"
#define PACKAGE_BUGREPORT ""
#define PACKAGE_URL ""
#define PACKAGE "hbox"
#define VERSION "0.1"
#define HAVE_BOOST /**/
#define HAVE_BOOST_FILESYSTEM /**/
#define HAVE_BOOST_THREAD /**/

configure: exit 0

## ---------------------- ##
## Running config.status. ##
## ---------------------- ##

This file was extended by hbox config.status 0.1, which was
generated by GNU Autoconf 2.65.  Invocation command line was

  CONFIG_FILES    = 
  CONFIG_HEADERS  = 
  CONFIG_LINKS    = 
  CONFIG_COMMANDS = 
  $ ./config.status include/config.h

on vbtdung-Pro945-C8

config.status:861: creating include/config.h
config.status:1033: include/config.h is unchanged
